<?xml version="1.0" encoding="UTF-8"?>
<testsuite xmlns:xsi="http://www.w3.org/2001/XMLSchema-instance" xsi:noNamespaceSchemaLocation="https://maven.apache.org/surefire/maven-surefire-plugin/xsd/surefire-test-report-3.0.xsd" version="3.0" name="org.example.GPACalculatorTest" time="0.01" tests="12" errors="0" skipped="0" failures="0">
  <properties>
[...]
</properties>
  <testcase name="testGPAWithSingleAPlus" classname="org.example.GPACalculatorTest" time="0.001">
    <system-out><![CDATA[GPA is high.
]]></system-out>
  </testcase>
  <testcase name="testHighGPAPath" classname="org.example.GPACalculatorTest" time="0.001">
    <system-out><![CDATA[GPA is high.
]]></system-out>
  </testcase>
  <testcase name="testGPAExactCalculation" classname="org.example.GPACalculatorTest" time="0.0">
    <system-out><![CDATA[GPA is high.
]]></system-out>
  </testcase>
  <testcase name="testLowGPAPath" classname="org.example.GPACalculatorTest" time="0.001">
    <system-out><![CDATA[GPA is low.
]]></system-out>
  </testcase>
  <testcase name="testInvalidCreditPath" classname="org.example.GPACalculatorTest" time="0.0"/>
  <testcase name="testNeutralGPAPath" classname="org.example.GPACalculatorTest" time="0.0"/>
  <testcase name="testOnlyLowGPAPath" classname="org.example.GPACalculatorTest" time="0.001">
    <system-out><![CDATA[GPA is low.
]]></system-out>
  </testcase>
  <testcase name="testInvalidGradePath" classname="org.example.GPACalculatorTest" time="0.001"/>
  <testcase name="testBothHighAndLowPath" classname="org.example.GPACalculatorTest" time="0.001">
    <system-out><![CDATA[GPA is high.
]]></system-out>
  </testcase>
  <testcase name="testGPAZeroAllFailed" classname="org.example.GPACalculatorTest" time="0.0">
    <system-out><![CDATA[GPA is low.
]]></system-out>
  </testcase>
  <testcase name="testWeightedGPA" classname="org.example.GPACalculatorTest" time="0.0">
    <system-out><![CDATA[GPA is high.
]]></system-out>
  </testcase>
  <testcase name="testOnlyHighGPAPath" classname="org.example.GPACalculatorTest" time="0.0">
    <system-out><![CDATA[GPA is high.
]]></system-out>
  </testcase>
</testsuite>